2014-07-02 22:55:25,104 ERROR [localhost-startStop-1] o.h.t.h.SchemaExport [SchemaExport.java:425] HHH000389: Unsuccessful: alter table AUTHORITIES drop constraint FK_bmvd6nqiwe9aivxxivi32f83v if exists
2014-07-02 22:55:25,106 ERROR [localhost-startStop-1] o.h.t.h.SchemaExport [SchemaExport.java:426] Table "AUTHORITIES" not found; SQL statement:
alter table AUTHORITIES drop constraint FK_bmvd6nqiwe9aivxxivi32f83v if exists [42102-179]
2014-07-02 22:55:25,107 ERROR [localhost-startStop-1] o.h.t.h.SchemaExport [SchemaExport.java:425] HHH000389: Unsuccessful: alter table MESSAGES drop constraint FK_qxgotkkb5oq2nos3u86ibuh6b if exists
2014-07-02 22:55:25,107 ERROR [localhost-startStop-1] o.h.t.h.SchemaExport [SchemaExport.java:426] Table "MESSAGES" not found; SQL statement:
alter table MESSAGES drop constraint FK_qxgotkkb5oq2nos3u86ibuh6b if exists [42102-179]
2014-07-02 22:55:25,248 WARN [localhost-startStop-1] o.h.j.i.EntityManagerFactoryRegistry [EntityManagerFactoryRegistry.java:80] HHH000436: Entity manager factory name (default) is already registered.  If entity manager will be clustered or passivated, specify a unique value for property 'hibernate.ejb.entitymanager_factory_name'
2014-07-02 22:55:25,741 INFO [localhost-startStop-1] c.m.s.c.DBInitializer [DBInitializer.java:41] ############## InitDatabase :true ########################
2014-07-02 22:55:25,741 INFO [localhost-startStop-1] c.m.s.c.DBInitializer [DBInitializer.java:41] ############## InitDatabase :true ########################
2014-07-02 22:55:25,742 INFO [localhost-startStop-1] c.m.s.c.DBInitializer [DBInitializer.java:53] Initializing Database with sample data
2014-07-02 22:55:25,742 INFO [localhost-startStop-1] c.m.s.c.DBInitializer [DBInitializer.java:53] Initializing Database with sample data
2014-07-02 22:59:41,244 ERROR [localhost-startStop-1] o.h.t.h.SchemaExport [SchemaExport.java:425] HHH000389: Unsuccessful: alter table AUTHORITIES drop constraint FK_bmvd6nqiwe9aivxxivi32f83v if exists
2014-07-02 22:59:41,247 ERROR [localhost-startStop-1] o.h.t.h.SchemaExport [SchemaExport.java:426] Table "AUTHORITIES" not found; SQL statement:
alter table AUTHORITIES drop constraint FK_bmvd6nqiwe9aivxxivi32f83v if exists [42102-179]
2014-07-02 22:59:41,247 ERROR [localhost-startStop-1] o.h.t.h.SchemaExport [SchemaExport.java:425] HHH000389: Unsuccessful: alter table MESSAGES drop constraint FK_qxgotkkb5oq2nos3u86ibuh6b if exists
2014-07-02 22:59:41,247 ERROR [localhost-startStop-1] o.h.t.h.SchemaExport [SchemaExport.java:426] Table "MESSAGES" not found; SQL statement:
alter table MESSAGES drop constraint FK_qxgotkkb5oq2nos3u86ibuh6b if exists [42102-179]
2014-07-02 22:59:41,394 WARN [localhost-startStop-1] o.h.j.i.EntityManagerFactoryRegistry [EntityManagerFactoryRegistry.java:80] HHH000436: Entity manager factory name (default) is already registered.  If entity manager will be clustered or passivated, specify a unique value for property 'hibernate.ejb.entitymanager_factory_name'
2014-07-02 22:59:41,925 INFO [localhost-startStop-1] c.m.s.c.DBInitializer [DBInitializer.java:41] ############## InitDatabase :true ########################
2014-07-02 22:59:41,925 INFO [localhost-startStop-1] c.m.s.c.DBInitializer [DBInitializer.java:41] ############## InitDatabase :true ########################
2014-07-02 22:59:41,926 INFO [localhost-startStop-1] c.m.s.c.DBInitializer [DBInitializer.java:53] Initializing Database with sample data
2014-07-02 22:59:41,926 INFO [localhost-startStop-1] c.m.s.c.DBInitializer [DBInitializer.java:53] Initializing Database with sample data
2014-07-02 23:03:43,265 ERROR [localhost-startStop-1] o.h.t.h.SchemaExport [SchemaExport.java:425] HHH000389: Unsuccessful: alter table AUTHORITIES drop constraint FK_bmvd6nqiwe9aivxxivi32f83v if exists
2014-07-02 23:03:43,267 ERROR [localhost-startStop-1] o.h.t.h.SchemaExport [SchemaExport.java:426] Table "AUTHORITIES" not found; SQL statement:
alter table AUTHORITIES drop constraint FK_bmvd6nqiwe9aivxxivi32f83v if exists [42102-179]
2014-07-02 23:03:43,268 ERROR [localhost-startStop-1] o.h.t.h.SchemaExport [SchemaExport.java:425] HHH000389: Unsuccessful: alter table MESSAGES drop constraint FK_qxgotkkb5oq2nos3u86ibuh6b if exists
2014-07-02 23:03:43,268 ERROR [localhost-startStop-1] o.h.t.h.SchemaExport [SchemaExport.java:426] Table "MESSAGES" not found; SQL statement:
alter table MESSAGES drop constraint FK_qxgotkkb5oq2nos3u86ibuh6b if exists [42102-179]
2014-07-02 23:03:43,413 WARN [localhost-startStop-1] o.h.j.i.EntityManagerFactoryRegistry [EntityManagerFactoryRegistry.java:80] HHH000436: Entity manager factory name (default) is already registered.  If entity manager will be clustered or passivated, specify a unique value for property 'hibernate.ejb.entitymanager_factory_name'
2014-07-02 23:03:43,874 INFO [localhost-startStop-1] c.m.s.c.DBInitializer [DBInitializer.java:41] ############## InitDatabase :true ########################
2014-07-02 23:03:43,874 INFO [localhost-startStop-1] c.m.s.c.DBInitializer [DBInitializer.java:41] ############## InitDatabase :true ########################
2014-07-02 23:03:43,875 INFO [localhost-startStop-1] c.m.s.c.DBInitializer [DBInitializer.java:53] Initializing Database with sample data
2014-07-02 23:03:43,875 INFO [localhost-startStop-1] c.m.s.c.DBInitializer [DBInitializer.java:53] Initializing Database with sample data
2014-07-02 23:06:12,266 ERROR [localhost-startStop-1] o.h.t.h.SchemaExport [SchemaExport.java:425] HHH000389: Unsuccessful: alter table AUTHORITIES drop constraint FK_bmvd6nqiwe9aivxxivi32f83v if exists
2014-07-02 23:06:12,268 ERROR [localhost-startStop-1] o.h.t.h.SchemaExport [SchemaExport.java:426] Table "AUTHORITIES" not found; SQL statement:
alter table AUTHORITIES drop constraint FK_bmvd6nqiwe9aivxxivi32f83v if exists [42102-179]
2014-07-02 23:06:12,269 ERROR [localhost-startStop-1] o.h.t.h.SchemaExport [SchemaExport.java:425] HHH000389: Unsuccessful: alter table MESSAGES drop constraint FK_qxgotkkb5oq2nos3u86ibuh6b if exists
2014-07-02 23:06:12,269 ERROR [localhost-startStop-1] o.h.t.h.SchemaExport [SchemaExport.java:426] Table "MESSAGES" not found; SQL statement:
alter table MESSAGES drop constraint FK_qxgotkkb5oq2nos3u86ibuh6b if exists [42102-179]
2014-07-02 23:06:12,412 WARN [localhost-startStop-1] o.h.j.i.EntityManagerFactoryRegistry [EntityManagerFactoryRegistry.java:80] HHH000436: Entity manager factory name (default) is already registered.  If entity manager will be clustered or passivated, specify a unique value for property 'hibernate.ejb.entitymanager_factory_name'
2014-07-02 23:06:12,875 INFO [localhost-startStop-1] c.m.s.c.DBInitializer [DBInitializer.java:41] ############## InitDatabase :true ########################
2014-07-02 23:06:12,875 INFO [localhost-startStop-1] c.m.s.c.DBInitializer [DBInitializer.java:41] ############## InitDatabase :true ########################
2014-07-02 23:06:12,876 INFO [localhost-startStop-1] c.m.s.c.DBInitializer [DBInitializer.java:53] Initializing Database with sample data
2014-07-02 23:06:12,876 INFO [localhost-startStop-1] c.m.s.c.DBInitializer [DBInitializer.java:53] Initializing Database with sample data
2014-07-02 23:07:04,484 ERROR [localhost-startStop-1] o.h.t.h.SchemaExport [SchemaExport.java:425] HHH000389: Unsuccessful: alter table AUTHORITIES drop constraint FK_bmvd6nqiwe9aivxxivi32f83v if exists
2014-07-02 23:07:04,487 ERROR [localhost-startStop-1] o.h.t.h.SchemaExport [SchemaExport.java:426] Table "AUTHORITIES" not found; SQL statement:
alter table AUTHORITIES drop constraint FK_bmvd6nqiwe9aivxxivi32f83v if exists [42102-179]
2014-07-02 23:07:04,488 ERROR [localhost-startStop-1] o.h.t.h.SchemaExport [SchemaExport.java:425] HHH000389: Unsuccessful: alter table MESSAGES drop constraint FK_qxgotkkb5oq2nos3u86ibuh6b if exists
2014-07-02 23:07:04,488 ERROR [localhost-startStop-1] o.h.t.h.SchemaExport [SchemaExport.java:426] Table "MESSAGES" not found; SQL statement:
alter table MESSAGES drop constraint FK_qxgotkkb5oq2nos3u86ibuh6b if exists [42102-179]
2014-07-02 23:07:04,708 WARN [localhost-startStop-1] o.h.j.i.EntityManagerFactoryRegistry [EntityManagerFactoryRegistry.java:80] HHH000436: Entity manager factory name (default) is already registered.  If entity manager will be clustered or passivated, specify a unique value for property 'hibernate.ejb.entitymanager_factory_name'
2014-07-02 23:07:05,435 INFO [localhost-startStop-1] c.m.s.c.DBInitializer [DBInitializer.java:41] ############## InitDatabase :true ########################
2014-07-02 23:07:05,435 INFO [localhost-startStop-1] c.m.s.c.DBInitializer [DBInitializer.java:41] ############## InitDatabase :true ########################
2014-07-02 23:07:05,435 INFO [localhost-startStop-1] c.m.s.c.DBInitializer [DBInitializer.java:53] Initializing Database with sample data
2014-07-02 23:07:05,435 INFO [localhost-startStop-1] c.m.s.c.DBInitializer [DBInitializer.java:53] Initializing Database with sample data
2014-07-02 23:14:35,139 INFO [localhost-startStop-1] o.s.w.c.ContextLoader [ContextLoader.java:285] Root WebApplicationContext: initialization started
2014-07-02 23:14:35,145 INFO [localhost-startStop-1] o.s.w.c.s.AnnotationConfigWebApplicationContext [AbstractApplicationContext.java:513] Refreshing Root WebApplicationContext: startup date [Wed Jul 02 23:14:35 CAT 2014]; root of context hierarchy
2014-07-02 23:14:35,188 INFO [localhost-startStop-1] o.s.w.c.s.AnnotationConfigWebApplicationContext [AnnotationConfigWebApplicationContext.java:208] Registering annotated classes: [class com.matafe.springmvc.config.AppConfig,class com.matafe.springmvc.web.config.SecurityConfiguration]
2014-07-02 23:14:35,552 INFO [localhost-startStop-1] o.s.b.f.a.AutowiredAnnotationBeanPostProcessor [AutowiredAnnotationBeanPostProcessor.java:141] JSR-330 'javax.inject.Inject' annotation found and supported for autowiring
2014-07-02 23:14:35,570 INFO [localhost-startStop-1] o.s.c.s.PostProcessorRegistrationDelegate$BeanPostProcessorChecker [PostProcessorRegistrationDelegate.java:309] Bean 'org.springframework.scheduling.annotation.SchedulingConfiguration' of type [class org.springframework.scheduling.annotation.SchedulingConfiguration$$EnhancerBySpringCGLIB$$643b2fd6] is not eligible for getting processed by all BeanPostProcessors (for example: not eligible for auto-proxying)
2014-07-02 23:14:35,614 INFO [localhost-startStop-1] o.s.c.s.PostProcessorRegistrationDelegate$BeanPostProcessorChecker [PostProcessorRegistrationDelegate.java:309] Bean 'org.springframework.scheduling.annotation.ProxyAsyncConfiguration' of type [class org.springframework.scheduling.annotation.ProxyAsyncConfiguration$$EnhancerBySpringCGLIB$$30633b3c] is not eligible for getting processed by all BeanPostProcessors (for example: not eligible for auto-proxying)
2014-07-02 23:14:35,925 INFO [localhost-startStop-1] o.s.o.j.LocalContainerEntityManagerFactoryBean [LocalContainerEntityManagerFactoryBean.java:332] Building JPA container EntityManagerFactory for persistence unit 'default'
2014-07-02 23:14:35,950 INFO [localhost-startStop-1] o.h.j.i.u.LogHelper [LogHelper.java:46] HHH000204: Processing PersistenceUnitInfo [
	name: default
	...]
2014-07-02 23:14:36,021 INFO [localhost-startStop-1] o.h.Version [Version.java:54] HHH000412: Hibernate Core {4.3.5.Final}
2014-07-02 23:14:36,023 INFO [localhost-startStop-1] o.h.c.Environment [Environment.java:239] HHH000206: hibernate.properties not found
2014-07-02 23:14:36,024 INFO [localhost-startStop-1] o.h.c.Environment [Environment.java:346] HHH000021: Bytecode provider name : javassist
2014-07-02 23:14:36,208 INFO [localhost-startStop-1] o.h.a.c.Version [JavaReflectionManager.java:66] HCANN000001: Hibernate Commons Annotations {4.0.4.Final}
2014-07-02 23:14:36,453 INFO [localhost-startStop-1] o.h.d.Dialect [Dialect.java:145] HHH000400: Using dialect: org.hibernate.dialect.H2Dialect
2014-07-02 23:14:36,658 INFO [localhost-startStop-1] o.h.h.i.a.ASTQueryTranslatorFactory [ASTQueryTranslatorFactory.java:47] HHH000397: Using ASTQueryTranslatorFactory
2014-07-02 23:14:36,711 INFO [localhost-startStop-1] o.h.v.i.u.Version [Version.java:27] HV000001: Hibernate Validator 5.0.0.Final
2014-07-02 23:14:37,113 INFO [localhost-startStop-1] o.h.t.h.SchemaExport [SchemaExport.java:343] HHH000227: Running hbm2ddl schema export
2014-07-02 23:14:37,117 ERROR [localhost-startStop-1] o.h.t.h.SchemaExport [SchemaExport.java:425] HHH000389: Unsuccessful: alter table AUTHORITIES drop constraint FK_bmvd6nqiwe9aivxxivi32f83v if exists
2014-07-02 23:14:37,117 ERROR [localhost-startStop-1] o.h.t.h.SchemaExport [SchemaExport.java:426] Table "AUTHORITIES" not found; SQL statement:
alter table AUTHORITIES drop constraint FK_bmvd6nqiwe9aivxxivi32f83v if exists [42102-179]
2014-07-02 23:14:37,118 ERROR [localhost-startStop-1] o.h.t.h.SchemaExport [SchemaExport.java:425] HHH000389: Unsuccessful: alter table MESSAGES drop constraint FK_qxgotkkb5oq2nos3u86ibuh6b if exists
2014-07-02 23:14:37,118 ERROR [localhost-startStop-1] o.h.t.h.SchemaExport [SchemaExport.java:426] Table "MESSAGES" not found; SQL statement:
alter table MESSAGES drop constraint FK_qxgotkkb5oq2nos3u86ibuh6b if exists [42102-179]
2014-07-02 23:14:37,260 INFO [localhost-startStop-1] o.h.t.h.SchemaExport [SchemaExport.java:405] HHH000230: Schema export complete
2014-07-02 23:14:37,328 INFO [localhost-startStop-1] o.s.o.j.LocalContainerEntityManagerFactoryBean [LocalContainerEntityManagerFactoryBean.java:332] Building JPA container EntityManagerFactory for persistence unit 'default'
2014-07-02 23:14:37,329 INFO [localhost-startStop-1] o.h.j.i.u.LogHelper [LogHelper.java:46] HHH000204: Processing PersistenceUnitInfo [
	name: default
	...]
2014-07-02 23:14:37,344 INFO [localhost-startStop-1] o.h.d.Dialect [Dialect.java:145] HHH000400: Using dialect: org.hibernate.dialect.H2Dialect
2014-07-02 23:14:37,354 INFO [localhost-startStop-1] o.h.h.i.a.ASTQueryTranslatorFactory [ASTQueryTranslatorFactory.java:47] HHH000397: Using ASTQueryTranslatorFactory
2014-07-02 23:14:37,379 INFO [localhost-startStop-1] o.h.t.h.SchemaExport [SchemaExport.java:343] HHH000227: Running hbm2ddl schema export
2014-07-02 23:14:37,393 INFO [localhost-startStop-1] o.h.t.h.SchemaExport [SchemaExport.java:405] HHH000230: Schema export complete
2014-07-02 23:14:37,398 WARN [localhost-startStop-1] o.h.j.i.EntityManagerFactoryRegistry [EntityManagerFactoryRegistry.java:80] HHH000436: Entity manager factory name (default) is already registered.  If entity manager will be clustered or passivated, specify a unique value for property 'hibernate.ejb.entitymanager_factory_name'
2014-07-02 23:14:37,914 INFO [localhost-startStop-1] c.m.s.c.DBInitializer [DBInitializer.java:41] ############## InitDatabase :true ########################
2014-07-02 23:14:37,914 INFO [localhost-startStop-1] c.m.s.c.DBInitializer [DBInitializer.java:41] ############## InitDatabase :true ########################
2014-07-02 23:14:37,914 INFO [localhost-startStop-1] c.m.s.c.DBInitializer [DBInitializer.java:53] Initializing Database with sample data
2014-07-02 23:14:37,914 INFO [localhost-startStop-1] c.m.s.c.DBInitializer [DBInitializer.java:53] Initializing Database with sample data
2014-07-02 23:14:38,408 INFO [localhost-startStop-1] o.s.s.w.DefaultSecurityFilterChain [DefaultSecurityFilterChain.java:28] Creating filter chain: Ant [pattern='/resources/**'], []
2014-07-02 23:14:38,474 INFO [localhost-startStop-1] o.s.s.w.DefaultSecurityFilterChain [DefaultSecurityFilterChain.java:28] Creating filter chain: org.springframework.security.web.util.matcher.AnyRequestMatcher@1, [org.springframework.security.web.context.request.async.WebAsyncManagerIntegrationFilter@76d38e2e, org.springframework.security.web.context.SecurityContextPersistenceFilter@4b1fdcb3, org.springframework.security.web.header.HeaderWriterFilter@2ea21aa2, org.springframework.security.web.csrf.CsrfFilter@7bb74534, org.springframework.security.web.authentication.logout.LogoutFilter@6f8b53ce, org.springframework.security.web.authentication.UsernamePasswordAuthenticationFilter@541b87ef, org.springframework.security.web.savedrequest.RequestCacheAwareFilter@5e7a5af2, org.springframework.security.web.servletapi.SecurityContextHolderAwareRequestFilter@60dfcc90, org.springframework.security.web.authentication.AnonymousAuthenticationFilter@6f8c4216, org.springframework.security.web.session.SessionManagementFilter@7cfe234, org.springframework.security.web.access.ExceptionTranslationFilter@51ca9bde, org.springframework.security.web.access.intercept.FilterSecurityInterceptor@309a711d]
2014-07-02 23:14:38,501 INFO [localhost-startStop-1] o.s.w.c.ContextLoader [ContextLoader.java:325] Root WebApplicationContext: initialization completed in 3360 ms
2014-07-02 23:14:38,520 INFO [localhost-startStop-1] o.s.w.s.DispatcherServlet [FrameworkServlet.java:479] FrameworkServlet 'dispatcher': initialization started
2014-07-02 23:14:38,523 INFO [localhost-startStop-1] o.s.w.c.s.AnnotationConfigWebApplicationContext [AbstractApplicationContext.java:513] Refreshing WebApplicationContext for namespace 'dispatcher-servlet': startup date [Wed Jul 02 23:14:38 CAT 2014]; parent: Root WebApplicationContext
2014-07-02 23:14:38,524 INFO [localhost-startStop-1] o.s.w.c.s.AnnotationConfigWebApplicationContext [AnnotationConfigWebApplicationContext.java:208] Registering annotated classes: [class com.matafe.springmvc.web.config.WebMvcConfig]
2014-07-02 23:14:38,571 INFO [localhost-startStop-1] o.s.b.f.a.AutowiredAnnotationBeanPostProcessor [AutowiredAnnotationBeanPostProcessor.java:141] JSR-330 'javax.inject.Inject' annotation found and supported for autowiring
2014-07-02 23:14:38,962 INFO [localhost-startStop-1] o.s.w.s.m.m.a.RequestMappingHandlerMapping [AbstractHandlerMethodMapping.java:197] Mapped "{[/messages],methods=[GET],params=[],headers=[],consumes=[],produces=[application/json],custom=[]}" onto public java.util.List<com.matafe.springmvc.entities.Message> com.matafe.springmvc.web.MessageController.getMessages()
2014-07-02 23:14:38,962 INFO [localhost-startStop-1] o.s.w.s.m.m.a.RequestMappingHandlerMapping [AbstractHandlerMethodMapping.java:197] Mapped "{[/welcome],methods=[],params=[],headers=[],consumes=[],produces=[],custom=[]}" onto public java.lang.String com.matafe.springmvc.web.MessageController.welcome(org.springframework.ui.Model)
2014-07-02 23:14:38,962 INFO [localhost-startStop-1] o.s.w.s.m.m.a.RequestMappingHandlerMapping [AbstractHandlerMethodMapping.java:197] Mapped "{[/messages],methods=[POST],params=[],headers=[],consumes=[],produces=[],custom=[]}" onto public java.lang.String com.matafe.springmvc.web.MessageController.saveMessage(com.matafe.springmvc.entities.Message,javax.servlet.http.HttpSession)
2014-07-02 23:14:38,963 INFO [localhost-startStop-1] o.s.w.s.m.m.a.RequestMappingHandlerMapping [AbstractHandlerMethodMapping.java:197] Mapped "{[/contactUs],methods=[POST],params=[],headers=[],consumes=[],produces=[application/json],custom=[]}" onto public com.matafe.springmvc.web.model.AjaxResponse com.matafe.springmvc.web.MessageController.contactUs(com.matafe.springmvc.web.model.ContactForm,org.springframework.validation.BindingResult)
2014-07-02 23:14:38,964 INFO [localhost-startStop-1] o.s.w.s.m.m.a.RequestMappingHandlerMapping [AbstractHandlerMethodMapping.java:197] Mapped "{[/checkEmailExists],methods=[],params=[],headers=[],consumes=[],produces=[application/json],custom=[]}" onto public com.matafe.springmvc.web.model.AjaxResponse com.matafe.springmvc.web.UserController.checkEmailExists(java.lang.String)
2014-07-02 23:14:38,964 INFO [localhost-startStop-1] o.s.w.s.m.m.a.RequestMappingHandlerMapping [AbstractHandlerMethodMapping.java:197] Mapped "{[/checkUserNameExists],methods=[],params=[],headers=[],consumes=[],produces=[application/json],custom=[]}" onto public com.matafe.springmvc.web.model.AjaxResponse com.matafe.springmvc.web.UserController.checkUserNameExists(java.lang.String)
2014-07-02 23:14:38,964 INFO [localhost-startStop-1] o.s.w.s.m.m.a.RequestMappingHandlerMapping [AbstractHandlerMethodMapping.java:197] Mapped "{[/register],methods=[GET],params=[],headers=[],consumes=[],produces=[],custom=[]}" onto public java.lang.String com.matafe.springmvc.web.UserController.registrationForm(org.springframework.ui.Model)
2014-07-02 23:14:38,964 INFO [localhost-startStop-1] o.s.w.s.m.m.a.RequestMappingHandlerMapping [AbstractHandlerMethodMapping.java:197] Mapped "{[/register],methods=[POST],params=[],headers=[],consumes=[],produces=[],custom=[]}" onto public java.lang.String com.matafe.springmvc.web.UserController.handleRegistration(com.matafe.springmvc.entities.User,org.springframework.validation.BindingResult,org.springframework.ui.Model)
2014-07-02 23:14:38,964 INFO [localhost-startStop-1] o.s.w.s.m.m.a.RequestMappingHandlerMapping [AbstractHandlerMethodMapping.java:197] Mapped "{[/login],methods=[GET],params=[],headers=[],consumes=[],produces=[],custom=[]}" onto public java.lang.String com.matafe.springmvc.web.UserController.loginForm(org.springframework.ui.Model)
2014-07-02 23:14:38,973 INFO [localhost-startStop-1] o.s.w.s.h.SimpleUrlHandlerMapping [AbstractUrlHandlerMapping.java:315] Mapped URL path [/admin] onto handler of type [class org.springframework.web.servlet.mvc.ParameterizableViewController]
2014-07-02 23:14:38,973 INFO [localhost-startStop-1] o.s.w.s.h.SimpleUrlHandlerMapping [AbstractUrlHandlerMapping.java:315] Mapped URL path [/contact] onto handler of type [class org.springframework.web.servlet.mvc.ParameterizableViewController]
2014-07-02 23:14:38,981 INFO [localhost-startStop-1] o.s.w.s.h.SimpleUrlHandlerMapping [AbstractUrlHandlerMapping.java:315] Mapped URL path [/resources/**] onto handler of type [class org.springframework.web.servlet.resource.ResourceHttpRequestHandler]
2014-07-02 23:14:38,985 INFO [localhost-startStop-1] o.s.w.s.h.SimpleUrlHandlerMapping [AbstractUrlHandlerMapping.java:315] Mapped URL path [/**] onto handler of type [class org.springframework.web.servlet.resource.DefaultServletHttpRequestHandler]
2014-07-02 23:14:39,084 INFO [localhost-startStop-1] o.s.w.s.DispatcherServlet [FrameworkServlet.java:498] FrameworkServlet 'dispatcher': initialization completed in 563 ms
2014-07-02 23:18:20,877 INFO [localhost-startStop-2] o.s.w.c.s.AnnotationConfigWebApplicationContext [AbstractApplicationContext.java:873] Closing WebApplicationContext for namespace 'dispatcher-servlet': startup date [Wed Jul 02 23:14:38 CAT 2014]; parent: Root WebApplicationContext
2014-07-02 23:18:20,879 INFO [localhost-startStop-2] o.s.w.c.s.AnnotationConfigWebApplicationContext [AbstractApplicationContext.java:873] Closing Root WebApplicationContext: startup date [Wed Jul 02 23:14:35 CAT 2014]; root of context hierarchy
2014-07-02 23:18:20,880 INFO [localhost-startStop-2] o.s.o.j.LocalContainerEntityManagerFactoryBean [AbstractEntityManagerFactoryBean.java:462] Closing JPA EntityManagerFactory for persistence unit 'default'
2014-07-02 23:18:29,350 INFO [localhost-startStop-1] o.s.w.c.ContextLoader [ContextLoader.java:285] Root WebApplicationContext: initialization started
2014-07-02 23:18:29,357 INFO [localhost-startStop-1] o.s.w.c.s.AnnotationConfigWebApplicationContext [AbstractApplicationContext.java:513] Refreshing Root WebApplicationContext: startup date [Wed Jul 02 23:18:29 CAT 2014]; root of context hierarchy
2014-07-02 23:18:29,426 INFO [localhost-startStop-1] o.s.w.c.s.AnnotationConfigWebApplicationContext [AnnotationConfigWebApplicationContext.java:208] Registering annotated classes: [class com.matafe.springmvc.config.AppConfig,class com.matafe.springmvc.web.config.SecurityConfiguration]
2014-07-02 23:18:29,793 INFO [localhost-startStop-1] o.s.b.f.a.AutowiredAnnotationBeanPostProcessor [AutowiredAnnotationBeanPostProcessor.java:141] JSR-330 'javax.inject.Inject' annotation found and supported for autowiring
2014-07-02 23:18:29,816 INFO [localhost-startStop-1] o.s.c.s.PostProcessorRegistrationDelegate$BeanPostProcessorChecker [PostProcessorRegistrationDelegate.java:309] Bean 'org.springframework.scheduling.annotation.SchedulingConfiguration' of type [class org.springframework.scheduling.annotation.SchedulingConfiguration$$EnhancerBySpringCGLIB$$4ff82a36] is not eligible for getting processed by all BeanPostProcessors (for example: not eligible for auto-proxying)
2014-07-02 23:18:29,863 INFO [localhost-startStop-1] o.s.c.s.PostProcessorRegistrationDelegate$BeanPostProcessorChecker [PostProcessorRegistrationDelegate.java:309] Bean 'org.springframework.scheduling.annotation.ProxyAsyncConfiguration' of type [class org.springframework.scheduling.annotation.ProxyAsyncConfiguration$$EnhancerBySpringCGLIB$$1c20359c] is not eligible for getting processed by all BeanPostProcessors (for example: not eligible for auto-proxying)
2014-07-02 23:18:30,173 INFO [localhost-startStop-1] o.s.o.j.LocalContainerEntityManagerFactoryBean [LocalContainerEntityManagerFactoryBean.java:332] Building JPA container EntityManagerFactory for persistence unit 'default'
2014-07-02 23:18:30,201 INFO [localhost-startStop-1] o.h.j.i.u.LogHelper [LogHelper.java:46] HHH000204: Processing PersistenceUnitInfo [
	name: default
	...]
2014-07-02 23:18:30,305 INFO [localhost-startStop-1] o.h.Version [Version.java:54] HHH000412: Hibernate Core {4.3.5.Final}
2014-07-02 23:18:30,308 INFO [localhost-startStop-1] o.h.c.Environment [Environment.java:239] HHH000206: hibernate.properties not found
2014-07-02 23:18:30,309 INFO [localhost-startStop-1] o.h.c.Environment [Environment.java:346] HHH000021: Bytecode provider name : javassist
2014-07-02 23:18:30,483 INFO [localhost-startStop-1] o.h.a.c.Version [JavaReflectionManager.java:66] HCANN000001: Hibernate Commons Annotations {4.0.4.Final}
2014-07-02 23:18:30,755 INFO [localhost-startStop-1] o.h.d.Dialect [Dialect.java:145] HHH000400: Using dialect: org.hibernate.dialect.H2Dialect
2014-07-02 23:18:30,965 INFO [localhost-startStop-1] o.h.h.i.a.ASTQueryTranslatorFactory [ASTQueryTranslatorFactory.java:47] HHH000397: Using ASTQueryTranslatorFactory
2014-07-02 23:18:31,022 INFO [localhost-startStop-1] o.h.v.i.u.Version [Version.java:27] HV000001: Hibernate Validator 5.0.0.Final
2014-07-02 23:18:31,568 INFO [localhost-startStop-1] o.h.t.h.SchemaExport [SchemaExport.java:343] HHH000227: Running hbm2ddl schema export
2014-07-02 23:18:31,572 ERROR [localhost-startStop-1] o.h.t.h.SchemaExport [SchemaExport.java:425] HHH000389: Unsuccessful: alter table AUTHORITIES drop constraint FK_bmvd6nqiwe9aivxxivi32f83v if exists
2014-07-02 23:18:31,572 ERROR [localhost-startStop-1] o.h.t.h.SchemaExport [SchemaExport.java:426] Table "AUTHORITIES" not found; SQL statement:
alter table AUTHORITIES drop constraint FK_bmvd6nqiwe9aivxxivi32f83v if exists [42102-179]
2014-07-02 23:18:31,573 ERROR [localhost-startStop-1] o.h.t.h.SchemaExport [SchemaExport.java:425] HHH000389: Unsuccessful: alter table MESSAGES drop constraint FK_qxgotkkb5oq2nos3u86ibuh6b if exists
2014-07-02 23:18:31,573 ERROR [localhost-startStop-1] o.h.t.h.SchemaExport [SchemaExport.java:426] Table "MESSAGES" not found; SQL statement:
alter table MESSAGES drop constraint FK_qxgotkkb5oq2nos3u86ibuh6b if exists [42102-179]
2014-07-02 23:18:31,596 INFO [localhost-startStop-1] o.h.t.h.SchemaExport [SchemaExport.java:405] HHH000230: Schema export complete
2014-07-02 23:18:31,670 INFO [localhost-startStop-1] o.s.o.j.LocalContainerEntityManagerFactoryBean [LocalContainerEntityManagerFactoryBean.java:332] Building JPA container EntityManagerFactory for persistence unit 'default'
2014-07-02 23:18:31,670 INFO [localhost-startStop-1] o.h.j.i.u.LogHelper [LogHelper.java:46] HHH000204: Processing PersistenceUnitInfo [
	name: default
	...]
2014-07-02 23:18:31,686 INFO [localhost-startStop-1] o.h.d.Dialect [Dialect.java:145] HHH000400: Using dialect: org.hibernate.dialect.H2Dialect
2014-07-02 23:18:31,701 INFO [localhost-startStop-1] o.h.h.i.a.ASTQueryTranslatorFactory [ASTQueryTranslatorFactory.java:47] HHH000397: Using ASTQueryTranslatorFactory
2014-07-02 23:18:31,732 INFO [localhost-startStop-1] o.h.t.h.SchemaExport [SchemaExport.java:343] HHH000227: Running hbm2ddl schema export
2014-07-02 23:18:31,749 INFO [localhost-startStop-1] o.h.t.h.SchemaExport [SchemaExport.java:405] HHH000230: Schema export complete
2014-07-02 23:18:31,753 WARN [localhost-startStop-1] o.h.j.i.EntityManagerFactoryRegistry [EntityManagerFactoryRegistry.java:80] HHH000436: Entity manager factory name (default) is already registered.  If entity manager will be clustered or passivated, specify a unique value for property 'hibernate.ejb.entitymanager_factory_name'
2014-07-02 23:18:32,257 INFO [localhost-startStop-1] c.m.s.c.DBInitializer [DBInitializer.java:41] ############## InitDatabase :true ########################
2014-07-02 23:18:32,257 INFO [localhost-startStop-1] c.m.s.c.DBInitializer [DBInitializer.java:41] ############## InitDatabase :true ########################
2014-07-02 23:18:32,257 INFO [localhost-startStop-1] c.m.s.c.DBInitializer [DBInitializer.java:53] Initializing Database with sample data
2014-07-02 23:18:32,257 INFO [localhost-startStop-1] c.m.s.c.DBInitializer [DBInitializer.java:53] Initializing Database with sample data
2014-07-02 23:18:32,750 INFO [localhost-startStop-1] o.s.s.w.DefaultSecurityFilterChain [DefaultSecurityFilterChain.java:28] Creating filter chain: Ant [pattern='/resources/**'], []
2014-07-02 23:18:32,819 INFO [localhost-startStop-1] o.s.s.w.DefaultSecurityFilterChain [DefaultSecurityFilterChain.java:28] Creating filter chain: org.springframework.security.web.util.matcher.AnyRequestMatcher@1, [org.springframework.security.web.context.request.async.WebAsyncManagerIntegrationFilter@981f66a, org.springframework.security.web.context.SecurityContextPersistenceFilter@16420fec, org.springframework.security.web.header.HeaderWriterFilter@ae01bf9, org.springframework.security.web.csrf.CsrfFilter@9286748, org.springframework.security.web.authentication.logout.LogoutFilter@444d6873, org.springframework.security.web.authentication.UsernamePasswordAuthenticationFilter@dd94a1a, org.springframework.security.web.savedrequest.RequestCacheAwareFilter@4fb7c74f, org.springframework.security.web.servletapi.SecurityContextHolderAwareRequestFilter@5073a7c6, org.springframework.security.web.authentication.AnonymousAuthenticationFilter@6bae0d12, org.springframework.security.web.session.SessionManagementFilter@4e8de9aa, org.springframework.security.web.access.ExceptionTranslationFilter@580fd465, org.springframework.security.web.access.intercept.FilterSecurityInterceptor@7322cf4c]
2014-07-02 23:18:32,858 INFO [localhost-startStop-1] o.s.w.c.ContextLoader [ContextLoader.java:325] Root WebApplicationContext: initialization completed in 3504 ms
2014-07-02 23:18:32,887 INFO [localhost-startStop-1] o.s.w.s.DispatcherServlet [FrameworkServlet.java:479] FrameworkServlet 'dispatcher': initialization started
2014-07-02 23:18:32,890 INFO [localhost-startStop-1] o.s.w.c.s.AnnotationConfigWebApplicationContext [AbstractApplicationContext.java:513] Refreshing WebApplicationContext for namespace 'dispatcher-servlet': startup date [Wed Jul 02 23:18:32 CAT 2014]; parent: Root WebApplicationContext
2014-07-02 23:18:32,892 INFO [localhost-startStop-1] o.s.w.c.s.AnnotationConfigWebApplicationContext [AnnotationConfigWebApplicationContext.java:208] Registering annotated classes: [class com.matafe.springmvc.web.config.WebMvcConfig]
2014-07-02 23:18:32,950 INFO [localhost-startStop-1] o.s.b.f.a.AutowiredAnnotationBeanPostProcessor [AutowiredAnnotationBeanPostProcessor.java:141] JSR-330 'javax.inject.Inject' annotation found and supported for autowiring
2014-07-02 23:18:33,319 INFO [localhost-startStop-1] o.s.w.s.m.m.a.RequestMappingHandlerMapping [AbstractHandlerMethodMapping.java:197] Mapped "{[/messages],methods=[GET],params=[],headers=[],consumes=[],produces=[application/json],custom=[]}" onto public java.util.List<com.matafe.springmvc.entities.Message> com.matafe.springmvc.web.MessageController.getMessages()
2014-07-02 23:18:33,319 INFO [localhost-startStop-1] o.s.w.s.m.m.a.RequestMappingHandlerMapping [AbstractHandlerMethodMapping.java:197] Mapped "{[/welcome],methods=[],params=[],headers=[],consumes=[],produces=[],custom=[]}" onto public java.lang.String com.matafe.springmvc.web.MessageController.welcome(org.springframework.ui.Model)
2014-07-02 23:18:33,320 INFO [localhost-startStop-1] o.s.w.s.m.m.a.RequestMappingHandlerMapping [AbstractHandlerMethodMapping.java:197] Mapped "{[/messages],methods=[POST],params=[],headers=[],consumes=[],produces=[],custom=[]}" onto public java.lang.String com.matafe.springmvc.web.MessageController.saveMessage(com.matafe.springmvc.entities.Message,javax.servlet.http.HttpSession)
2014-07-02 23:18:33,320 INFO [localhost-startStop-1] o.s.w.s.m.m.a.RequestMappingHandlerMapping [AbstractHandlerMethodMapping.java:197] Mapped "{[/contactUs],methods=[POST],params=[],headers=[],consumes=[],produces=[application/json],custom=[]}" onto public com.matafe.springmvc.web.model.AjaxResponse com.matafe.springmvc.web.MessageController.contactUs(com.matafe.springmvc.web.model.ContactForm,org.springframework.validation.BindingResult)
2014-07-02 23:18:33,321 INFO [localhost-startStop-1] o.s.w.s.m.m.a.RequestMappingHandlerMapping [AbstractHandlerMethodMapping.java:197] Mapped "{[/checkEmailExists],methods=[],params=[],headers=[],consumes=[],produces=[application/json],custom=[]}" onto public com.matafe.springmvc.web.model.AjaxResponse com.matafe.springmvc.web.UserController.checkEmailExists(java.lang.String)
2014-07-02 23:18:33,322 INFO [localhost-startStop-1] o.s.w.s.m.m.a.RequestMappingHandlerMapping [AbstractHandlerMethodMapping.java:197] Mapped "{[/checkUserNameExists],methods=[],params=[],headers=[],consumes=[],produces=[application/json],custom=[]}" onto public com.matafe.springmvc.web.model.AjaxResponse com.matafe.springmvc.web.UserController.checkUserNameExists(java.lang.String)
2014-07-02 23:18:33,322 INFO [localhost-startStop-1] o.s.w.s.m.m.a.RequestMappingHandlerMapping [AbstractHandlerMethodMapping.java:197] Mapped "{[/register],methods=[GET],params=[],headers=[],consumes=[],produces=[],custom=[]}" onto public java.lang.String com.matafe.springmvc.web.UserController.registrationForm(org.springframework.ui.Model)
2014-07-02 23:18:33,322 INFO [localhost-startStop-1] o.s.w.s.m.m.a.RequestMappingHandlerMapping [AbstractHandlerMethodMapping.java:197] Mapped "{[/register],methods=[POST],params=[],headers=[],consumes=[],produces=[],custom=[]}" onto public java.lang.String com.matafe.springmvc.web.UserController.handleRegistration(com.matafe.springmvc.entities.User,org.springframework.validation.BindingResult,org.springframework.ui.Model)
2014-07-02 23:18:33,323 INFO [localhost-startStop-1] o.s.w.s.m.m.a.RequestMappingHandlerMapping [AbstractHandlerMethodMapping.java:197] Mapped "{[/login],methods=[GET],params=[],headers=[],consumes=[],produces=[],custom=[]}" onto public java.lang.String com.matafe.springmvc.web.UserController.loginForm(org.springframework.ui.Model)
2014-07-02 23:18:33,342 INFO [localhost-startStop-1] o.s.w.s.h.SimpleUrlHandlerMapping [AbstractUrlHandlerMapping.java:315] Mapped URL path [/admin] onto handler of type [class org.springframework.web.servlet.mvc.ParameterizableViewController]
2014-07-02 23:18:33,343 INFO [localhost-startStop-1] o.s.w.s.h.SimpleUrlHandlerMapping [AbstractUrlHandlerMapping.java:315] Mapped URL path [/contact] onto handler of type [class org.springframework.web.servlet.mvc.ParameterizableViewController]
2014-07-02 23:18:33,348 INFO [localhost-startStop-1] o.s.w.s.h.SimpleUrlHandlerMapping [AbstractUrlHandlerMapping.java:315] Mapped URL path [/resources/**] onto handler of type [class org.springframework.web.servlet.resource.ResourceHttpRequestHandler]
2014-07-02 23:18:33,354 INFO [localhost-startStop-1] o.s.w.s.h.SimpleUrlHandlerMapping [AbstractUrlHandlerMapping.java:315] Mapped URL path [/**] onto handler of type [class org.springframework.web.servlet.resource.DefaultServletHttpRequestHandler]
2014-07-02 23:18:33,487 INFO [localhost-startStop-1] o.s.w.s.DispatcherServlet [FrameworkServlet.java:498] FrameworkServlet 'dispatcher': initialization completed in 599 ms
2014-07-02 23:19:11,635 INFO [localhost-startStop-2] o.s.w.c.s.AnnotationConfigWebApplicationContext [AbstractApplicationContext.java:873] Closing WebApplicationContext for namespace 'dispatcher-servlet': startup date [Wed Jul 02 23:18:32 CAT 2014]; parent: Root WebApplicationContext
2014-07-02 23:19:11,639 INFO [localhost-startStop-2] o.s.w.c.s.AnnotationConfigWebApplicationContext [AbstractApplicationContext.java:873] Closing Root WebApplicationContext: startup date [Wed Jul 02 23:18:29 CAT 2014]; root of context hierarchy
2014-07-02 23:19:11,641 INFO [localhost-startStop-2] o.s.o.j.LocalContainerEntityManagerFactoryBean [AbstractEntityManagerFactoryBean.java:462] Closing JPA EntityManagerFactory for persistence unit 'default'
2014-07-02 23:23:31,625 INFO [localhost-startStop-1] o.s.w.c.ContextLoader [ContextLoader.java:285] Root WebApplicationContext: initialization started
2014-07-02 23:23:31,631 INFO [localhost-startStop-1] o.s.w.c.s.AnnotationConfigWebApplicationContext [AbstractApplicationContext.java:513] Refreshing Root WebApplicationContext: startup date [Wed Jul 02 23:23:31 CAT 2014]; root of context hierarchy
2014-07-02 23:23:31,688 INFO [localhost-startStop-1] o.s.w.c.s.AnnotationConfigWebApplicationContext [AnnotationConfigWebApplicationContext.java:208] Registering annotated classes: [class com.matafe.springmvc.config.AppConfig,class com.matafe.springmvc.web.config.SecurityConfiguration]
2014-07-02 23:23:32,042 INFO [localhost-startStop-1] o.s.b.f.a.AutowiredAnnotationBeanPostProcessor [AutowiredAnnotationBeanPostProcessor.java:141] JSR-330 'javax.inject.Inject' annotation found and supported for autowiring
2014-07-02 23:23:32,064 INFO [localhost-startStop-1] o.s.c.s.PostProcessorRegistrationDelegate$BeanPostProcessorChecker [PostProcessorRegistrationDelegate.java:309] Bean 'org.springframework.scheduling.annotation.SchedulingConfiguration' of type [class org.springframework.scheduling.annotation.SchedulingConfiguration$$EnhancerBySpringCGLIB$$634314b9] is not eligible for getting processed by all BeanPostProcessors (for example: not eligible for auto-proxying)
2014-07-02 23:23:32,104 INFO [localhost-startStop-1] o.s.c.s.PostProcessorRegistrationDelegate$BeanPostProcessorChecker [PostProcessorRegistrationDelegate.java:309] Bean 'org.springframework.scheduling.annotation.ProxyAsyncConfiguration' of type [class org.springframework.scheduling.annotation.ProxyAsyncConfiguration$$EnhancerBySpringCGLIB$$2f6b201f] is not eligible for getting processed by all BeanPostProcessors (for example: not eligible for auto-proxying)
2014-07-02 23:23:32,451 INFO [localhost-startStop-1] o.s.o.j.LocalContainerEntityManagerFactoryBean [LocalContainerEntityManagerFactoryBean.java:332] Building JPA container EntityManagerFactory for persistence unit 'default'
2014-07-02 23:23:32,491 INFO [localhost-startStop-1] o.h.j.i.u.LogHelper [LogHelper.java:46] HHH000204: Processing PersistenceUnitInfo [
	name: default
	...]
2014-07-02 23:23:32,600 INFO [localhost-startStop-1] o.h.Version [Version.java:54] HHH000412: Hibernate Core {4.3.5.Final}
2014-07-02 23:23:32,602 INFO [localhost-startStop-1] o.h.c.Environment [Environment.java:239] HHH000206: hibernate.properties not found
2014-07-02 23:23:32,604 INFO [localhost-startStop-1] o.h.c.Environment [Environment.java:346] HHH000021: Bytecode provider name : javassist
2014-07-02 23:23:32,787 INFO [localhost-startStop-1] o.h.a.c.Version [JavaReflectionManager.java:66] HCANN000001: Hibernate Commons Annotations {4.0.4.Final}
2014-07-02 23:23:33,046 INFO [localhost-startStop-1] o.h.d.Dialect [Dialect.java:145] HHH000400: Using dialect: org.hibernate.dialect.H2Dialect
2014-07-02 23:23:33,229 INFO [localhost-startStop-1] o.h.h.i.a.ASTQueryTranslatorFactory [ASTQueryTranslatorFactory.java:47] HHH000397: Using ASTQueryTranslatorFactory
2014-07-02 23:23:33,292 INFO [localhost-startStop-1] o.h.v.i.u.Version [Version.java:27] HV000001: Hibernate Validator 5.0.0.Final
2014-07-02 23:23:33,914 INFO [localhost-startStop-1] o.h.t.h.SchemaExport [SchemaExport.java:343] HHH000227: Running hbm2ddl schema export
2014-07-02 23:23:33,919 ERROR [localhost-startStop-1] o.h.t.h.SchemaExport [SchemaExport.java:425] HHH000389: Unsuccessful: alter table AUTHORITIES drop constraint FK_bmvd6nqiwe9aivxxivi32f83v if exists
2014-07-02 23:23:33,920 ERROR [localhost-startStop-1] o.h.t.h.SchemaExport [SchemaExport.java:426] Table "AUTHORITIES" not found; SQL statement:
alter table AUTHORITIES drop constraint FK_bmvd6nqiwe9aivxxivi32f83v if exists [42102-179]
2014-07-02 23:23:33,920 ERROR [localhost-startStop-1] o.h.t.h.SchemaExport [SchemaExport.java:425] HHH000389: Unsuccessful: alter table MESSAGES drop constraint FK_qxgotkkb5oq2nos3u86ibuh6b if exists
2014-07-02 23:23:33,921 ERROR [localhost-startStop-1] o.h.t.h.SchemaExport [SchemaExport.java:426] Table "MESSAGES" not found; SQL statement:
alter table MESSAGES drop constraint FK_qxgotkkb5oq2nos3u86ibuh6b if exists [42102-179]
2014-07-02 23:23:33,950 INFO [localhost-startStop-1] o.h.t.h.SchemaExport [SchemaExport.java:405] HHH000230: Schema export complete
2014-07-02 23:23:34,041 INFO [localhost-startStop-1] o.s.o.j.LocalContainerEntityManagerFactoryBean [LocalContainerEntityManagerFactoryBean.java:332] Building JPA container EntityManagerFactory for persistence unit 'default'
2014-07-02 23:23:34,042 INFO [localhost-startStop-1] o.h.j.i.u.LogHelper [LogHelper.java:46] HHH000204: Processing PersistenceUnitInfo [
	name: default
	...]
2014-07-02 23:23:34,057 INFO [localhost-startStop-1] o.h.d.Dialect [Dialect.java:145] HHH000400: Using dialect: org.hibernate.dialect.H2Dialect
2014-07-02 23:23:34,072 INFO [localhost-startStop-1] o.h.h.i.a.ASTQueryTranslatorFactory [ASTQueryTranslatorFactory.java:47] HHH000397: Using ASTQueryTranslatorFactory
2014-07-02 23:23:34,102 INFO [localhost-startStop-1] o.h.t.h.SchemaExport [SchemaExport.java:343] HHH000227: Running hbm2ddl schema export
2014-07-02 23:23:34,119 INFO [localhost-startStop-1] o.h.t.h.SchemaExport [SchemaExport.java:405] HHH000230: Schema export complete
2014-07-02 23:23:34,123 WARN [localhost-startStop-1] o.h.j.i.EntityManagerFactoryRegistry [EntityManagerFactoryRegistry.java:80] HHH000436: Entity manager factory name (default) is already registered.  If entity manager will be clustered or passivated, specify a unique value for property 'hibernate.ejb.entitymanager_factory_name'
2014-07-02 23:23:34,627 INFO [localhost-startStop-1] c.m.s.c.DBInitializer [DBInitializer.java:41] ############## InitDatabase :true ########################
2014-07-02 23:23:34,627 INFO [localhost-startStop-1] c.m.s.c.DBInitializer [DBInitializer.java:41] ############## InitDatabase :true ########################
2014-07-02 23:23:34,627 INFO [localhost-startStop-1] c.m.s.c.DBInitializer [DBInitializer.java:53] Initializing Database with sample data
2014-07-02 23:23:34,627 INFO [localhost-startStop-1] c.m.s.c.DBInitializer [DBInitializer.java:53] Initializing Database with sample data
2014-07-02 23:23:35,199 INFO [localhost-startStop-1] o.s.s.w.DefaultSecurityFilterChain [DefaultSecurityFilterChain.java:28] Creating filter chain: Ant [pattern='/resources/**'], []
2014-07-02 23:23:35,271 INFO [localhost-startStop-1] o.s.s.w.DefaultSecurityFilterChain [DefaultSecurityFilterChain.java:28] Creating filter chain: org.springframework.security.web.util.matcher.AnyRequestMatcher@1, [org.springframework.security.web.context.request.async.WebAsyncManagerIntegrationFilter@12e7293, org.springframework.security.web.context.SecurityContextPersistenceFilter@43585865, org.springframework.security.web.header.HeaderWriterFilter@78b416bf, org.springframework.security.web.csrf.CsrfFilter@2e669b6d, org.springframework.security.web.authentication.logout.LogoutFilter@2ef50635, org.springframework.security.web.authentication.UsernamePasswordAuthenticationFilter@47ef9ada, org.springframework.security.web.savedrequest.RequestCacheAwareFilter@4fdf489d, org.springframework.security.web.servletapi.SecurityContextHolderAwareRequestFilter@7a3467ac, org.springframework.security.web.authentication.AnonymousAuthenticationFilter@20bde9de, org.springframework.security.web.session.SessionManagementFilter@50733cff, org.springframework.security.web.access.ExceptionTranslationFilter@7729e25a, org.springframework.security.web.access.intercept.FilterSecurityInterceptor@4d248d3b]
2014-07-02 23:23:35,312 INFO [localhost-startStop-1] o.s.w.c.ContextLoader [ContextLoader.java:325] Root WebApplicationContext: initialization completed in 3684 ms
2014-07-02 23:23:35,338 INFO [localhost-startStop-1] o.s.w.s.DispatcherServlet [FrameworkServlet.java:479] FrameworkServlet 'dispatcher': initialization started
2014-07-02 23:23:35,341 INFO [localhost-startStop-1] o.s.w.c.s.AnnotationConfigWebApplicationContext [AbstractApplicationContext.java:513] Refreshing WebApplicationContext for namespace 'dispatcher-servlet': startup date [Wed Jul 02 23:23:35 CAT 2014]; parent: Root WebApplicationContext
2014-07-02 23:23:35,342 INFO [localhost-startStop-1] o.s.w.c.s.AnnotationConfigWebApplicationContext [AnnotationConfigWebApplicationContext.java:208] Registering annotated classes: [class com.matafe.springmvc.web.config.WebMvcConfig]
2014-07-02 23:23:35,399 INFO [localhost-startStop-1] o.s.b.f.a.AutowiredAnnotationBeanPostProcessor [AutowiredAnnotationBeanPostProcessor.java:141] JSR-330 'javax.inject.Inject' annotation found and supported for autowiring
2014-07-02 23:23:35,544 INFO [localhost-startStop-1] o.s.w.s.m.m.a.RequestMappingHandlerMapping [AbstractHandlerMethodMapping.java:197] Mapped "{[/messages],methods=[GET],params=[],headers=[],consumes=[],produces=[application/json],custom=[]}" onto public java.util.List<com.matafe.springmvc.entities.Message> com.matafe.springmvc.web.MessageController.getMessages()
2014-07-02 23:23:35,544 INFO [localhost-startStop-1] o.s.w.s.m.m.a.RequestMappingHandlerMapping [AbstractHandlerMethodMapping.java:197] Mapped "{[/contactUs],methods=[POST],params=[],headers=[],consumes=[],produces=[application/json],custom=[]}" onto public com.matafe.springmvc.web.model.AjaxResponse com.matafe.springmvc.web.MessageController.contactUs(com.matafe.springmvc.web.model.ContactForm,org.springframework.validation.BindingResult)
2014-07-02 23:23:35,545 INFO [localhost-startStop-1] o.s.w.s.m.m.a.RequestMappingHandlerMapping [AbstractHandlerMethodMapping.java:197] Mapped "{[/messages],methods=[POST],params=[],headers=[],consumes=[],produces=[],custom=[]}" onto public java.lang.String com.matafe.springmvc.web.MessageController.saveMessage(com.matafe.springmvc.entities.Message,javax.servlet.http.HttpSession)
2014-07-02 23:23:35,545 INFO [localhost-startStop-1] o.s.w.s.m.m.a.RequestMappingHandlerMapping [AbstractHandlerMethodMapping.java:197] Mapped "{[/welcome],methods=[],params=[],headers=[],consumes=[],produces=[],custom=[]}" onto public java.lang.String com.matafe.springmvc.web.MessageController.welcome(org.springframework.ui.Model)
2014-07-02 23:23:35,546 INFO [localhost-startStop-1] o.s.w.s.m.m.a.RequestMappingHandlerMapping [AbstractHandlerMethodMapping.java:197] Mapped "{[/checkEmailExists],methods=[],params=[],headers=[],consumes=[],produces=[application/json],custom=[]}" onto public com.matafe.springmvc.web.model.AjaxResponse com.matafe.springmvc.web.UserController.checkEmailExists(java.lang.String)
2014-07-02 23:23:35,547 INFO [localhost-startStop-1] o.s.w.s.m.m.a.RequestMappingHandlerMapping [AbstractHandlerMethodMapping.java:197] Mapped "{[/checkUserNameExists],methods=[],params=[],headers=[],consumes=[],produces=[application/json],custom=[]}" onto public com.matafe.springmvc.web.model.AjaxResponse com.matafe.springmvc.web.UserController.checkUserNameExists(java.lang.String)
2014-07-02 23:23:35,547 INFO [localhost-startStop-1] o.s.w.s.m.m.a.RequestMappingHandlerMapping [AbstractHandlerMethodMapping.java:197] Mapped "{[/login],methods=[GET],params=[],headers=[],consumes=[],produces=[],custom=[]}" onto public java.lang.String com.matafe.springmvc.web.UserController.loginForm(org.springframework.ui.Model)
2014-07-02 23:23:35,547 INFO [localhost-startStop-1] o.s.w.s.m.m.a.RequestMappingHandlerMapping [AbstractHandlerMethodMapping.java:197] Mapped "{[/register],methods=[GET],params=[],headers=[],consumes=[],produces=[],custom=[]}" onto public java.lang.String com.matafe.springmvc.web.UserController.registrationForm(org.springframework.ui.Model)
2014-07-02 23:23:35,548 INFO [localhost-startStop-1] o.s.w.s.m.m.a.RequestMappingHandlerMapping [AbstractHandlerMethodMapping.java:197] Mapped "{[/register],methods=[POST],params=[],headers=[],consumes=[],produces=[],custom=[]}" onto public java.lang.String com.matafe.springmvc.web.UserController.handleRegistration(com.matafe.springmvc.entities.User,org.springframework.validation.BindingResult,org.springframework.ui.Model)
2014-07-02 23:23:35,561 INFO [localhost-startStop-1] o.s.w.s.h.SimpleUrlHandlerMapping [AbstractUrlHandlerMapping.java:315] Mapped URL path [/admin] onto handler of type [class org.springframework.web.servlet.mvc.ParameterizableViewController]
2014-07-02 23:23:35,561 INFO [localhost-startStop-1] o.s.w.s.h.SimpleUrlHandlerMapping [AbstractUrlHandlerMapping.java:315] Mapped URL path [/contact] onto handler of type [class org.springframework.web.servlet.mvc.ParameterizableViewController]
2014-07-02 23:23:35,574 INFO [localhost-startStop-1] o.s.w.s.h.SimpleUrlHandlerMapping [AbstractUrlHandlerMapping.java:315] Mapped URL path [/resources/**] onto handler of type [class org.springframework.web.servlet.resource.ResourceHttpRequestHandler]
2014-07-02 23:23:35,577 INFO [localhost-startStop-1] o.s.w.s.h.SimpleUrlHandlerMapping [AbstractUrlHandlerMapping.java:315] Mapped URL path [/**] onto handler of type [class org.springframework.web.servlet.resource.DefaultServletHttpRequestHandler]
2014-07-02 23:23:35,929 INFO [localhost-startStop-1] o.s.w.s.DispatcherServlet [FrameworkServlet.java:498] FrameworkServlet 'dispatcher': initialization completed in 590 ms
2014-07-02 23:25:56,060 INFO [localhost-startStop-2] o.s.w.c.s.AnnotationConfigWebApplicationContext [AbstractApplicationContext.java:873] Closing WebApplicationContext for namespace 'dispatcher-servlet': startup date [Wed Jul 02 23:23:35 CAT 2014]; parent: Root WebApplicationContext
2014-07-02 23:25:56,079 INFO [localhost-startStop-2] o.s.w.c.s.AnnotationConfigWebApplicationContext [AbstractApplicationContext.java:873] Closing Root WebApplicationContext: startup date [Wed Jul 02 23:23:31 CAT 2014]; root of context hierarchy
2014-07-02 23:25:56,080 INFO [localhost-startStop-2] o.s.o.j.LocalContainerEntityManagerFactoryBean [AbstractEntityManagerFactoryBean.java:462] Closing JPA EntityManagerFactory for persistence unit 'default'
